 end of gkps   3.5374066766552345E-013
 after field        54639        66048        66048   3.5497653815341002E-013
 end of gkps   2.9441513412478422E-002
 after field        54639        66048        66048   2.9451324299508072E-002
 before cpush 1        54639        66048        66048 
  -3.7643130860897807E-003
 before cpush 1        54639        66048        66048 
  -3.7643130860897807E-003
 end of gkps   2.7937626456607488E-002
 after field        54639        66048        66048   2.7951827142749533E-002
 end of gkps   4.4170758580679426E-002
 after field        54639        66048        66048   4.4204353674759930E-002
 before cpush 1        54639        66048        66048 
  -3.7713224051666126E-003
 before cpush 1        54639        66048        66048 
  -3.7713224051666126E-003
 end of gkps   4.1604317791052586E-002
 after field        54639        66048        66048   4.1666392557027865E-002
 end of gkps   6.4208904984453696E-002
 after field        54639        66048        66048   6.4275584127695962E-002
 before cpush 1        54639        66048        66048 
  -3.7892464353169080E-003
 before cpush 1        54639        66048        66048 
  -3.7892464353169080E-003
 end of gkps   5.9764908602602314E-002
 after field        54639        66048        66048   5.9844929277556753E-002
 end of gkps   7.5968511728271654E-002
 after field        54639        66048        66048   7.6061175188305172E-002
 before cpush 1        54639        66048        66048 
  -3.8209306823052285E-003
 before cpush 1        54639        66048        66048 
  -3.8209306823052285E-003
 end of gkps   8.0099230419096223E-002
 after field        54639        66048        66048   8.0195316812596534E-002
 end of gkps   9.9938237707513533E-002
 after field        54639        66048        66048   0.1000461401762363     
 before cpush 1        54639        66048        66048 
  -3.8641215925453785E-003
 before cpush 1        54639        66048        66048 
  -3.8641215925453785E-003
 end of gkps   0.1091455661632948     
 after field        54639        66048        66048   0.1092532820621323     
 end of gkps   0.1317057096205537     
 after field        54639        66048        66048   0.1318305708820430     
 before cpush 1        54639        66048        66048 
  -3.9182259408650881E-003
 before cpush 1        54639        66048        66048 
  -3.9182259408650881E-003
 end of gkps   0.1198774122581718     
 after field        54639        66048        66048   0.1200208001804062     
 end of gkps   0.1433712124700226     
 after field        54639        66048        66048   0.1435029390077293     
 before cpush 1        54639        66048        66048 
  -3.9853954113027940E-003
 before cpush 1        54639        66048        66048 
  -3.9853954113027940E-003
 end of gkps   0.1384852341800208     
 after field        54639        66048        66048   0.1386405244293913     
 end of gkps   0.1658578890001811     
 after field        54639        66048        66048   0.1660568071149521     
 before cpush 1        54639        66048        66048 
  -4.0653056855597452E-003
 before cpush 1        54639        66048        66048 
  -4.0653056855597452E-003
 end of gkps   0.1541258534352493     
 after field        54639        66048        66048   0.1543373154445239     
 end of gkps   0.1723276138132076     
 after field        54639        66048        66048   0.1725375181470107     
 before cpush 1        54639        66048        66048 
  -4.1578343696906548E-003
 before cpush 1        54639        66048        66048 
  -4.1578343696906548E-003
 end of gkps   0.1663387585060336     
 after field        54639        66048        66048   0.1665584028627703     
 end of gkps   0.1842562283393851     
 after field        54639        66048        66048   0.1844852872123954     
 before cpush 1        54639        66048        66048 
  -4.2609732547923595E-003
 before cpush 1        54639        66048        66048 
  -4.2609732547923595E-003
