 total MPI=            8  ntube=            1  particle per MPI=        66048 
        66048
  -9.0949470177292824E-013   1.1460090782575622E-014  -1.2271846303073670E-002
 dt,beta=     32.36611922270230        1.2195530804907236E-002
 amp,vpp,yd0 =    9.9999999999999998E-013    0.000000000000000      
    0.000000000000000     
 peritr,ifluid=             0            0
 tor,nonlin=     1.000000000000000                 1            1
 isuni=             0 amie=     1835.466660000000     
 kxcut,kycut,bcut=    0.2790349390931968        2.9823424198553751E-002 
    3000.000000000000     
 fradi,isg=     1.000000000000000         1.000000000000000     
 llk,mlk,onemd =            0            1            1
 vwidth (i,e), vcut=     8.000000000000000         8.000000000000000      
    15.00000000000000     
 rneu=     0.000000000000000     
 V-ExB switch=     0.000000000000000     
 V-parallel switch=     0.000000000000000     
 mm1=         66048
 pzcrite,encrit =     13.12507333974200         1.000000000000000     
 nue0 =     1.000000000000000         1.000000000000000      
    1.000000000000000     
 xn0e(1),xnir0 =     1.259257238570656         0.000000000000000     
 frequ, eru =     0.000000000000000         0.000000000000000     
 lxa,lymult,delra,r0a,rina,routa=   0.8600000000000000      
    2.000000000000000        5.0000000000000003E-002   0.5300000000000000      
   0.1000000000000000        0.9600000000000000     
 a,r0,rmaj0,q0,lx,ly,lz=    183.0854584038953         97.03529295406453      
    542.9878083918395        -1.315420320000000         157.4534942273500      
    231.7474945828893         4487.810323669831     
 t0,kyrhoi_local=   0.6032766210000000        2.9780916994334806E-002
 coefu =     0.000000000000000     
 ktheta*rhos =    2.9780916994334806E-002
 cs/a, q0, q0p, s^hat =    2.9997799499929889E-003   -1.315420320000000      
   6.0000000000000001E-003  -0.4426051117443489     
 rho* = rhos/a =    5.9995598999859779E-003
 f0p,psip(nr/2),Bunit,candyf0p =     0.000000000000000      
   -105.5991628023555         0.000000000000000         0.000000000000000     
 lxa min =   -0.4551608525320235     
 t0i(nr/2)=    0.6032766210000000     
 Gyrokrs =                        Inf
 omp_num_threads=            1
 cn0s=   0.7658063836858312         0.000000000000000      
    0.000000000000000         0.000000000000000         0.000000000000000     
 totvol,jacp,dum2=    226160705.1303338         2850.525946958880      
    2857.348312671389     
 after write totvol
 after cut
 before blendf
 after blendf
 after initialize
 lr0,lx,rin,a    97.03529295406453         157.4534942273500      
    18.30854584038953         183.0854584038953     
 before grid1   7.7749999999999993E-006
 after grid1   6.7877128999999994E-002
 end accumu   6.7881098000000001E-002
 after den0_phi   6.9493472000000001E-002
 after field solver   0.5597786010000000     
 after field   0.5597808790000000     
 after rmsphi   0.5597919460000000     
 with filter   0.5604032400000000     
      0   0.220E-12   0.000E+00   0.000E+00   0.000E+00   0.000E+00   0.000E+00   0.000E+00   0.000E+00   0.528E-09   0.814E-11   0.528E-09
 before ppush   0.5763440830000000     
 ppush 1   0.5794120400000000     
 ppush point 2   0.6934891000000000     
 ppush point 2.0   0.6934994480000000     
 after test pmove 0   0.6963710910000001     
 after test pmove 1.1   0.6964574850000000     
 after test pmove 1.2   0.6964870250000000     
 after test pmove 1.3   0.6965242160000000     
 after test pmove 1.4   0.6965285770000000     
 after test pmove 2.0   0.6965769010000000     
 after test pmove 2.1   0.6969023009999999     
 after test pmove 3   0.6973428910000000     
 ppush point 2.1   0.6973532569999999     
 pmove part2    1.3799999998287404E-007
 pmove part3    1.8081999999974840E-005
 ppush point 2.2   0.6975615780000000     
 pmove part2    5.2999999944347564E-008
 pmove part3    1.2298000000021680E-005
 pmove part2    5.4000000027087935E-008
 pmove part3    1.2343999999941957E-005
 pmove part2    4.9999999918171056E-008
 pmove part3    1.1867999999970458E-005
 pmove part2    5.1999999972629496E-008
 pmove part3    1.2523999999958235E-005
 pmove part2    5.1000000000911427E-008
 pmove part3    1.2157000000012630E-005
 pmove part2    5.0000000029193359E-008
 pmove part3    1.1906999999977685E-005
 pmove part2    4.7999999974734919E-008
 pmove part3    1.1936000000045688E-005
 pmove part2    5.1000000000911427E-008
 pmove part3    1.1596000000002604E-005
 pmove part2    5.0000000029193359E-008
 pmove part3    1.1514999999961972E-005
 pmove part2    5.0000000029193359E-008
 pmove part3    1.2200999999989470E-005
 pmove part2    4.7999999974734919E-008
 pmove part3    1.1335000000056716E-005
 pmove part2    5.0000000029193359E-008
 pmove part3    1.2051000000012912E-005
 pmove part2    5.0000000029193359E-008
 pmove part3    1.2406000000075856E-005
 pmove part2    5.1999999972629496E-008
 pmove part3    1.1979000000050810E-005
 pmove part2    4.9000000057475290E-008
 pmove part3    1.1690999999980356E-005
 pmove part2    5.0000000029193359E-008
 pmove part3    1.1399000000023030E-005
 pmove part2    5.0000000029193359E-008
 pmove part3    1.1407000000018819E-005
 pmove part2    4.9999999918171056E-008
 pmove part3    1.1486000000004992E-005
 ppush point 3   0.6994039520000001     
 after ppush   0.6994050140000000     
 after cpush   0.6994057259999999     
 before grid1   0.6994098150000000     
 after grid1   0.7653964650000000     
 end accumu   0.7653992980000000     
 after den0_phi   0.7667860140000000     
 after field solver   0.7694773190000000     
 after field   0.7694786520000000     
 after rmsphi   0.7694869730000000     
 with filter   0.7699944240000000     
 before ppush   0.7704241060000000     
 after ppush   0.7704253550000000     
 after cpush 2
 after cpush 3
 after test pmove 0   0.8110124510000000     
 after test pmove 1.1   0.8111120590000001     
 after test pmove 1.2   0.8111399320000000     
 after test pmove 1.3   0.8111749520000000     
 after test pmove 1.4   0.8111778210000000     
 after test pmove 2.0   0.8112268020000000     
 after test pmove 2.1   0.8114894740000000     
 after test pmove 3   0.8116768550000000     
 pmove part2    1.6699999993985415E-007
 pmove part3    1.3539000000006851E-005
 pmove part2    1.3700000001115598E-007
 pmove part3    1.4069999999977156E-005
 pmove part2    1.2900000001536682E-007
 pmove part3    1.4100000000016877E-005
 pmove part2    1.1200000005207045E-007
 pmove part3    1.3111999999981805E-005
 pmove part2    1.8999999995550354E-007
 pmove part3    1.2544000000058730E-005
 pmove part2    1.0999999999761201E-007
 pmove part3    1.2708999999944126E-005
 pmove part2    1.0599999999971743E-007
 pmove part3    1.6375000000068418E-005
 pmove part2    1.3900000006561442E-007
 pmove part3    1.2467999999987711E-005
 pmove part2    8.5000000038526480E-008
 pmove part3    1.2555999999941392E-005
 pmove part2    9.8000000003928278E-008
 pmove part3    1.1991000000044494E-005
 pmove part2    7.3000000044842750E-008
 pmove part3    1.3405999999993590E-005
 pmove part2    8.5000000038526480E-008
 pmove part3    1.3425999999983063E-005
 pmove part2    1.4799999992209933E-007
 pmove part3    1.3374999999982151E-005
 pmove part2    1.9299999998168005E-007
 pmove part3    1.2754000000003707E-005
 pmove part2    8.5000000038526480E-008
 pmove part3    1.2687999999982935E-005
 pmove part2    1.2899999990434452E-007
 pmove part3    1.2153999999986453E-005
 pmove part2    2.4900000006322642E-007
 pmove part3    1.2629999999957953E-005
 pmove part2    1.4599999997866320E-007
 pmove part3    1.3174999999976400E-005
 pmove part2    1.5600000002891079E-007
 pmove part3    1.2619000000047009E-005
 after cpush 3
 after cpush   0.8172954220000000     
 before grid1   0.8173486350000000     
 after grid1   0.8836511520000000     
 end accumu   0.8836537790000000     
 after den0_phi   0.8849702000000000     
 after field solver   0.8875419250000000     
 after field   0.8875432599999999     
 after rmsphi   0.8875507700000000     
 with filter   0.8880325750000000     
     32   0.197E-01   0.000E+00   0.000E+00   0.000E+00   0.000E+00   0.000E+00   0.000E+00   0.000E+00   0.954E-02   0.406E-01   0.417E-01
 before ppush   0.8906488969999999     
 ppush 1   0.8906524250000000     
 ppush point 2    1.003614318000000     
 ppush point 2.0    1.003626492000000     
 after test pmove 0    1.003679262000000     
 after test pmove 1.1    1.003775404000000     
 after test pmove 1.2    1.003804222000000     
 after test pmove 1.3    1.003838823000000     
 after test pmove 1.4    1.003842267000000     
 after test pmove 2.0    1.003891484000000     
 after test pmove 2.1    1.004128247000000     
 after test pmove 3    1.004222589000000     
 ppush point 2.1    1.004227848000000     
 pmove part2    1.1199999994104815E-007
 pmove part3    1.3570999999990008E-005
 ppush point 2.2    1.004354540000000     
 pmove part2    7.9999999957891532E-008
 pmove part3    1.2142999999964488E-005
 pmove part2    5.3000000166392169E-008
 pmove part3    1.1779000000045059E-005
 pmove part2    5.8999999996700581E-008
 pmove part3    1.2035000000132356E-005
 pmove part2    4.7999999974734919E-008
 pmove part3    1.2546000000002167E-005
 pmove part2    5.1999999861607193E-008
 pmove part3    1.2235000000027085E-005
 pmove part2    5.4000000027087935E-008
 pmove part3    1.1645000000060080E-005
 pmove part2    5.1000000000911427E-008
 pmove part3    1.2558000000106873E-005
 pmove part2    5.1000000000911427E-008
 pmove part3    1.2250000000157968E-005
 pmove part2    5.3000000166392169E-008
 pmove part3    1.2247999999992487E-005
 pmove part2    5.2999999944347564E-008
 pmove part3    1.1780999999988495E-005
 pmove part2    5.4000000027087935E-008
 pmove part3    1.1564000000019448E-005
 pmove part2    5.2999999944347564E-008
 pmove part3    1.1976000000135656E-005
 pmove part2    5.2000000083651798E-008
 pmove part3    1.2660999999969391E-005
 pmove part2    5.1999999861607193E-008
 pmove part3    1.2260999999957889E-005
 pmove part2    5.2999999944347564E-008
 pmove part3    1.1589999999950251E-005
 pmove part2    5.2999999944347564E-008
 pmove part3    1.2660000000108695E-005
 pmove part2    5.2999999944347564E-008
 pmove part3    1.2469000000070452E-005
 pmove part2    5.1999999861607193E-008
 pmove part3    1.1548999999888565E-005
 ppush point 3    1.006155846000000     
 after ppush    1.006157041000000     
 after cpush    1.006157742000000     
 before grid1    1.006161672000000     
 after grid1    1.072197471000000     
 end accumu    1.072200924000000     
 after den0_phi    1.073507916000000     
 after field solver    1.076057862000000     
 after field    1.076059173000000     
 after rmsphi    1.076067338000000     
 with filter    1.076523099000000     
 before ppush    1.076922632000000     
 after ppush    1.076923971000000     
 after cpush 2
 after cpush 3
 after test pmove 0    1.108441165000000     
 after test pmove 1.1    1.108534664000000     
 after test pmove 1.2    1.108562027000000     
 after test pmove 1.3    1.108596252000000     
 after test pmove 1.4    1.108599199000000     
 after test pmove 2.0    1.108648347000000     
 after test pmove 2.1    1.108889387000000     
 after test pmove 3    1.109111228000000     
 pmove part2    1.7600000012940598E-007
 pmove part3    1.4587999999982060E-005
 pmove part2    1.6499999988539571E-007
 pmove part3    1.3575999999959620E-005
 pmove part2    1.5400000008547465E-007
 pmove part3    1.3387999999947553E-005
 pmove part2    1.0099999991908248E-007
 pmove part3    1.3117999999812113E-005
 pmove part2    1.1700000013270540E-007
 pmove part3    1.2483000000118594E-005
 pmove part2    1.1700000013270540E-007
 pmove part3    1.2590000000090029E-005
 pmove part2    1.0099999991908248E-007
 pmove part3    1.2423000000039153E-005
 pmove part2    1.2300000018505841E-007
 pmove part3    1.2752999999809944E-005
 pmove part2    1.0899999991487164E-007
 pmove part3    1.2573999999876406E-005
 pmove part2    9.8999999975646347E-008
 pmove part3    1.3207999999931275E-005
 pmove part2    1.0600000011073973E-007
 pmove part3    1.3331000000116333E-005
 pmove part2    1.0500000002799936E-007
 pmove part3    1.2491000000114383E-005
 pmove part2    4.9000000057475290E-008
 pmove part3    1.3044999999989315E-005
 pmove part2    1.3499999984567523E-007
 pmove part3    1.2300999999936835E-005
 pmove part2    1.1199999994104815E-007
 pmove part3    1.2593999999976901E-005
 pmove part2    1.3399999998497947E-007
 pmove part3    1.2697000000061465E-005
 pmove part2    1.2200000010231804E-007
 pmove part3    1.2643999999895073E-005
 pmove part2    1.2100000001957767E-007
 pmove part3    1.2268000000092982E-005
 pmove part2    1.2200000010231804E-007
 pmove part3    1.3393000000139210E-005
 after cpush 3
 after cpush    1.114541516000000     
 before grid1    1.114549293000000     
 after grid1    1.181004923000000     
 end accumu    1.181007800000000     
 after den0_phi    1.182314034000000     
 after field solver    1.184913444000000     
 after field    1.184914795000000     
 after rmsphi    1.184922501000000     
 with filter    1.185387211000000     
     64   0.308E-01   0.000E+00   0.000E+00   0.000E+00   0.000E+00   0.000E+00   0.000E+00   0.000E+00  -0.562E-01   0.211E-01   0.600E-01
 before ppush    1.187694012000000     
 ppush 1    1.187697452000000     
 ppush point 2    1.299874603000000     
 ppush point 2.0    1.299885007000000     
 after test pmove 0    1.299938886000000     
 after test pmove 1.1    1.300034697000000     
 after test pmove 1.2    1.300062176000000     
 after test pmove 1.3    1.300097012000000     
 after test pmove 1.4    1.300099893000000     
 after test pmove 2.0    1.300149024000000     
 after test pmove 2.1    1.300355551000000     
 after test pmove 3    1.300478767000000     
 ppush point 2.1    1.300483100000000     
 pmove part2    9.7999999892905976E-008
 pmove part3    1.3535999999980675E-005
 ppush point 2.2    1.300610526000000     
 pmove part2    6.6999999992489734E-008
 pmove part3    1.2342999999859217E-005
 pmove part2    5.5000000109828306E-008
 pmove part3    1.1787999999901544E-005
 pmove part2    5.1000000000911427E-008
 pmove part3    2.9347000000123913E-005
 pmove part2    5.8000000136004815E-008
 pmove part3    1.3060000000120198E-005
 pmove part2    5.7999999913960210E-008
 pmove part3    1.1745999999979162E-005
 pmove part2    5.8000000136004815E-008
 pmove part3    1.2255000000127581E-005
 pmove part2    5.7000000053264444E-008
 pmove part3    1.1420000000095243E-005
 pmove part2    5.5999999970524073E-008
 pmove part3    1.1670000000130187E-005
 pmove part2    5.7999999913960210E-008
 pmove part3    1.1398999999912007E-005
 pmove part2    5.7999999913960210E-008
 pmove part3    1.1898000000121201E-005
 pmove part2    5.7999999913960210E-008
 pmove part3    1.2267999999870938E-005
 pmove part2    5.7999999913960210E-008
 pmove part3    1.2176000000252429E-005
 pmove part2    5.9999999857396347E-008
 pmove part3    1.2013999999949121E-005
 pmove part2    5.4999999887783702E-008
 pmove part3    1.1919999999943087E-005
 pmove part2    5.8000000136004815E-008
 pmove part3    1.1761000000110045E-005
 pmove part2    5.7000000053264444E-008
 pmove part3    1.2708000000083430E-005
 pmove part2    5.7000000053264444E-008
 pmove part3    1.1685000000039025E-005
 pmove part2    5.8000000136004815E-008
 pmove part3    1.2733000000153538E-005
 ppush point 3    1.302443942000000     
 after ppush    1.302445068000000     
 after cpush    1.302445814000000     
 before grid1    1.302449696000000     
 after grid1    1.368586499000000     
 end accumu    1.368588947000000     
 after den0_phi    1.369886909000000     
 after field solver    1.372436262000000     
 after field    1.372438112000000     
 after rmsphi    1.372445661000000     
 with filter    1.372938721000000     
 before ppush    1.373324474000000     
 after ppush    1.373325679000000     
 after cpush 2
 after cpush 3
 after test pmove 0    1.404864173000000     
 after test pmove 1.1    1.404972410000000     
 after test pmove 1.2    1.405000682000000     
 after test pmove 1.3    1.405034752000000     
 after test pmove 1.4    1.405037623000000     
 after test pmove 2.0    1.405086678000000     
 after test pmove 2.1    1.405314071000000     
 after test pmove 3    1.405543350000000     
 pmove part2    1.6500000010744031E-007
 pmove part3    1.4729000000102133E-005
 pmove part2    1.0099999991908248E-007
 pmove part3    1.2620999999990445E-005
 pmove part2    1.0200000000182285E-007
 pmove part3    1.2490000000031642E-005
 pmove part2    1.3799999987185174E-007
 pmove part3    1.3304999999963485E-005
 pmove part2    7.8000000014455395E-008
 pmove part3    1.2796000000037111E-005
 pmove part2    9.6000000171514444E-008
 pmove part3    1.2984000000049178E-005
 pmove part2    1.0200000000182285E-007
 pmove part3    1.2546000000002167E-005
 pmove part2    1.1499999996722465E-007
 pmove part3    1.2356999999907359E-005
 pmove part2    1.0099999991908248E-007
 pmove part3    1.3293000000080823E-005
 pmove part2    9.6000000171514444E-008
 pmove part3    1.2662000000052132E-005
 pmove part2    1.0200000000182285E-007
 pmove part3    1.2447000000026520E-005
 pmove part2    9.6000000171514444E-008
 pmove part3    1.2992000000044968E-005
 pmove part2    1.1999999993683730E-007
 pmove part3    1.2661999999830087E-005
 pmove part2    1.6599999996813608E-007
 pmove part3    1.2946000000013669E-005
 pmove part2    1.1799999999340116E-007
 pmove part3    1.2675000000017533E-005
 pmove part2    1.1699999991066079E-007
 pmove part3    1.2502000000136348E-005
 pmove part2    1.1700000013270540E-007
 pmove part3    1.2871000000025390E-005
 pmove part2    1.1499999996722465E-007
 pmove part3    1.3261000000097667E-005
 pmove part2    1.0299999986251862E-007
 pmove part3    1.2492000000197123E-005
 after cpush 3
 after cpush    1.410986478000000     
 before grid1    1.410994504000000     
 after grid1    1.477384511000000     
 end accumu    1.477387765000000     
 after den0_phi    1.478713152000000     
 after field solver    1.481305387000000     
 after field    1.481306650000000     
 after rmsphi    1.481314272000000     
 with filter    1.481795002000000     
     97   0.439E-01   0.000E+00   0.000E+00   0.000E+00   0.000E+00   0.000E+00   0.000E+00   0.000E+00   0.714E-02   0.297E-01   0.306E-01
 before ppush    1.484137331000000     
 ppush 1    1.484140800000000     
 ppush point 2    1.597348304000000     
 ppush point 2.0    1.597360230000000     
 after test pmove 0    1.597414645000000     
 after test pmove 1.1    1.597518904000000     
 after test pmove 1.2    1.597547027000000     
 after test pmove 1.3    1.597581711000000     
 after test pmove 1.4    1.597584668000000     
 after test pmove 2.0    1.597635106000000     
 after test pmove 2.1    1.597851872000000     
 after test pmove 3    1.597953709000000     
 ppush point 2.1    1.597959352000000     
 pmove part2    1.1700000013270540E-007
 pmove part3    1.2794999999954371E-005
 ppush point 2.2    1.598092351000000     
 pmove part2    5.1999999861607193E-008
 pmove part3    1.2585000000120417E-005
 pmove part2    5.0000000140215661E-008
 pmove part3    1.2474000000040064E-005
 pmove part2    5.0000000140215661E-008
 pmove part3    1.2499000000110172E-005
 pmove part2    5.0000000140215661E-008
 pmove part3    1.1482999999978816E-005
 pmove part2    5.3000000166392169E-008
 pmove part3    1.2048000000097758E-005
 pmove part2    4.9999999918171056E-008
 pmove part3    1.1313999999984503E-005
 pmove part2    4.9999999918171056E-008
 pmove part3    1.1119999999920083E-005
 pmove part2    5.0000000140215661E-008
 pmove part3    1.2448000000109261E-005
 pmove part2    4.9999999918171056E-008
 pmove part3    1.1352000000020013E-005
 pmove part2    5.0000000140215661E-008
 pmove part3    1.1477000000148507E-005
 pmove part2    4.9999999918171056E-008
 pmove part3    1.2482999999896549E-005
 pmove part2    5.0000000140215661E-008
 pmove part3    1.2035000000132356E-005
 pmove part2    5.0000000140215661E-008
 pmove part3    1.1946999999956631E-005
 pmove part2    4.8999999835430685E-008
 pmove part3    1.2031999999884135E-005
 pmove part2    5.0000000140215661E-008
 pmove part3    1.2123000000308082E-005
 pmove part2    4.9000000057475290E-008
 pmove part3    1.2770999999967003E-005
 pmove part2    5.2999999944347564E-008
 pmove part3    1.2381999999977467E-005
 pmove part2    4.9999999918171056E-008
 pmove part3    1.2636000000121328E-005
 ppush point 3    1.599897271000000     
 after ppush    1.599898358000000     
 after cpush    1.599899094000000     
 before grid1    1.599903364000000     
 after grid1    1.666370591000000     
 end accumu    1.666373457000000     
 after den0_phi    1.667677838000000     
 after field solver    1.670308655000000     
 after field    1.670310255000000     
 after rmsphi    1.670318499000000     
 with filter    1.670785521000000     
 before ppush    1.671171631000000     
 after ppush    1.671172973000000     
 after cpush 2
 after cpush 3
 after test pmove 0    1.702878284000000     
 after test pmove 1.1    1.702974394000000     
 after test pmove 1.2    1.703001743000000     
 after test pmove 1.3    1.703035262000000     
 after test pmove 1.4    1.703038084000000     
 after test pmove 2.0    1.703087218000000     
 after test pmove 2.1    1.703294798000000     
 after test pmove 3    1.703518492000000     
 pmove part2    2.7099999999613544E-007
 pmove part3    1.4297999999968170E-005
 pmove part2    1.8099999987697402E-007
 pmove part3    1.2816999999998302E-005
 pmove part2    9.7000000032210210E-008
 pmove part3    1.2713000000275088E-005
 pmove part2    9.8000000114950581E-008
 pmove part3    1.2585999999981112E-005
 pmove part2    1.2299999996301381E-007
 pmove part3    1.3256999999988750E-005
 pmove part2    8.8000000175725290E-008
 pmove part3    1.2062000000145900E-005
 pmove part2    8.9000000036421056E-008
 pmove part3    1.2302999999880271E-005
 pmove part2    1.0800000005417587E-007
 pmove part3    1.3475000000040538E-005
 pmove part2    1.0600000011073973E-007
 pmove part3    1.3156000000069668E-005
 pmove part2    1.1499999974518005E-007
 pmove part3    1.3250000000075701E-005
 pmove part2    2.0200000006020957E-007
 pmove part3    1.2934999999991703E-005
 pmove part2    1.0500000025004397E-007
 pmove part3    1.2589000000229333E-005
 pmove part2    1.0600000011073973E-007
 pmove part3    1.2936999999935139E-005
 pmove part2    1.0599999988869513E-007
 pmove part3    1.2719999999966092E-005
 pmove part2    8.7000000092984919E-008
 pmove part3    1.2353999999881182E-005
 pmove part2    8.4999999927504177E-008
 pmove part3    1.2850000000064199E-005
 pmove part2    9.7000000032210210E-008
 pmove part3    1.2799999999923983E-005
 pmove part2    1.5100000005929815E-007
 pmove part3    1.2425999999843285E-005
 pmove part2    1.4399999992420476E-007
 pmove part3    1.2612000000133960E-005
 after cpush 3
 after cpush    1.708975711000000     
 before grid1    1.708983689000000     
 after grid1    1.775902890000000     
 end accumu    1.775905633000000     
 after den0_phi    1.777222758000000     
 after field solver    1.779775207000000     
 after field    1.779776547000000     
 after rmsphi    1.779785063000000     
 with filter    1.780245749000000     
    129   0.591E-01   0.000E+00   0.000E+00   0.000E+00   0.000E+00   0.000E+00   0.000E+00   0.000E+00  -0.107E-02   0.735E-02   0.743E-02
 before ppush    1.782474451000000     
 ppush 1    1.782477849000000     
 ppush point 2    1.894969708000000     
 ppush point 2.0    1.894980430000000     
 after test pmove 0    1.895036468000000     
 after test pmove 1.1    1.895136094000000     
 after test pmove 1.2    1.895164091000000     
 after test pmove 1.3    1.895202975000000     
 after test pmove 1.4    1.895205912000000     
 after test pmove 2.0    1.895255088000000     
 after test pmove 2.1    1.895481897000000     
 after test pmove 3    1.895566690000000     
 ppush point 2.1    1.895572439000000     
 pmove part2    1.1899999985409693E-007
 pmove part3    1.2539000000089118E-005
 ppush point 2.2    1.895705099000000     
 pmove part2    6.2999999883572855E-008
 pmove part3    1.2145000000129968E-005
 pmove part2    5.8999999996700581E-008
 pmove part3    1.1801999999949686E-005
 pmove part2    5.1000000000911427E-008
 pmove part3    1.1958000000200641E-005
 pmove part2    5.5999999970524073E-008
 pmove part3    1.1696000000060991E-005
 pmove part2    5.5999999970524073E-008
 pmove part3    1.1844000000094113E-005
 pmove part2    5.2000000083651798E-008
 pmove part3    1.2102000000124846E-005
 pmove part2    5.6000000192568677E-008
 pmove part3    1.1892000000068847E-005
 pmove part2    5.3000000166392169E-008
 pmove part3    1.1744000000035726E-005
 pmove part2    5.2999999944347564E-008
 pmove part3    1.1670999999990883E-005
 pmove part2    5.2000000083651798E-008
 pmove part3    1.2446000000165824E-005
 pmove part2    5.2999999944347564E-008
 pmove part3    1.2272999999840550E-005
 pmove part2    5.1000000000911427E-008
 pmove part3    1.3074999999806991E-005
 pmove part2    5.1000000000911427E-008
 pmove part3    1.1578999999928286E-005
 pmove part2    5.2999999944347564E-008
 pmove part3    1.1565999999962884E-005
 pmove part2    5.1999999861607193E-008
 pmove part3    1.1778999999823014E-005
 pmove part2    5.2000000083651798E-008
 pmove part3    1.2220999999978943E-005
 pmove part2    4.9999999918171056E-008
 pmove part3    1.1481000000035380E-005
 pmove part2    5.2999999944347564E-008
 pmove part3    1.1760000000027304E-005
 ppush point 3    1.897512040000000     
 after ppush    1.897513265000000     
 after cpush    1.897514019000000     
 before grid1    1.897518138000000     
 after grid1    1.963777650000000     
 end accumu    1.963780247000000     
 after den0_phi    1.965059401000000     
 after field solver    1.967644982000000     
 after field    1.967646528000000     
 after rmsphi    1.967654638000000     
 with filter    1.968131309000000     
 before ppush    1.968521347000000     
 after ppush    1.968522577000000     
 after cpush 2
 after cpush 3
 after test pmove 0    2.000835734000000     
 after test pmove 1.1    2.000949019000000     
 after test pmove 1.2    2.000977002000000     
 after test pmove 1.3    2.001010748000000     
 after test pmove 1.4    2.001013707000000     
 after test pmove 2.0    2.001063125000000     
 after test pmove 2.1    2.001273129000000     
 after test pmove 3    2.001502346000000     
 pmove part2    2.8100000015740534E-007
 pmove part3    1.3290000000054647E-005
 pmove part2    1.1399999966243968E-007
 pmove part3    1.3242000000079912E-005
 pmove part2    1.2099999979753306E-007
 pmove part3    1.2506000000023221E-005
 pmove part2    1.1999999971479269E-007
 pmove part3    1.2454000000161614E-005
 pmove part2    1.5099999961520894E-007
 pmove part3    1.2326999999867638E-005
 pmove part2    1.0000000028043132E-007
 pmove part3    1.2256000000210321E-005
 pmove part2    1.1700000035475000E-007
 pmove part3    1.2325999999784898E-005
 pmove part2    7.0999999657317403E-008
 pmove part3    1.2690000000148416E-005
 pmove part2    1.0800000005417587E-007
 pmove part3    1.2595999999920338E-005
 pmove part2    9.0999999979857193E-008
 pmove part3    1.2700000000087641E-005
 pmove part2    1.0699999997143550E-007
 pmove part3    1.2326000000228987E-005
 pmove part2    1.0499999980595476E-007
 pmove part3    1.2860000000003424E-005
 pmove part2    1.2100000024162227E-007
 pmove part3    1.2410999999712402E-005
 pmove part2    1.1100000030239698E-007
 pmove part3    1.2191000000161267E-005
 pmove part2    1.2900000001536682E-007
 pmove part3    1.2445999999943780E-005
 pmove part2    1.1300000002378852E-007
 pmove part3    1.2513999999796965E-005
 pmove part2    1.0999999977556740E-007
 pmove part3    1.2524000000180280E-005
 pmove part2    9.5999999949469839E-008
 pmove part3    1.2415999999682015E-005
 pmove part2    1.0900000013691624E-007
 pmove part3    1.3237999999748951E-005
 after cpush 3
 after cpush    2.006911143000000     
 before grid1    2.006919411000000     
 after grid1    2.073739304000000     
 end accumu    2.073742365000000     
 after den0_phi    2.075044493000000     
 after field solver    2.077628311000000     
 after field    2.077629308000000     
 after rmsphi    2.077637529000000     
 with filter    2.078144731000000     
    161   0.799E-01   0.000E+00   0.000E+00   0.000E+00   0.000E+00   0.000E+00   0.000E+00   0.000E+00   0.384E-01   0.130E-01   0.406E-01
 before ppush    2.080462806000000     
 ppush 1    2.080466631000000     
 ppush point 2    2.193084426000000     
 ppush point 2.0    2.193097834000000     
 after test pmove 0    2.193158230000000     
 after test pmove 1.1    2.193256323000000     
 after test pmove 1.2    2.193284488000000     
 after test pmove 1.3    2.193318863000000     
 after test pmove 1.4    2.193321753000000     
 after test pmove 2.0    2.193372216000000     
 after test pmove 2.1    2.193599263000000     
 after test pmove 3    2.193692620000000     
 ppush point 2.1    2.193698003000000     
 pmove part2    1.1799999999340116E-007
 pmove part3    1.3520000000433186E-005
 ppush point 2.2    2.193828513000000     
 pmove part2    8.2999999762023435E-008
 pmove part3    1.2683000000013323E-005
 pmove part2    5.0999999778866822E-008
 pmove part3    1.1513000000018536E-005
 pmove part2    5.4000000027087935E-008
 pmove part3    1.2316999999928413E-005
 pmove part2    5.2000000305696403E-008
 pmove part3    1.1629000000290546E-005
 pmove part2    4.8999999613386080E-008
 pmove part3    1.2322999999980766E-005
 pmove part2    4.9000000057475290E-008
 pmove part3    1.1256999999709194E-005
 pmove part2    5.0000000140215661E-008
 pmove part3    1.2142999999742443E-005
 pmove part2    5.1999999861607193E-008
 pmove part3    1.1750000000088079E-005
 pmove part2    4.7999999974734919E-008
 pmove part3    1.1941999999987019E-005
 pmove part2    5.0000000140215661E-008
 pmove part3    1.1223000000004646E-005
 pmove part2    5.0000000140215661E-008
 pmove part3    1.1415999999986326E-005
 pmove part2    4.9000000057475290E-008
 pmove part3    1.1408999999851233E-005
 pmove part2    4.9000000057475290E-008
 pmove part3    1.1572000000015237E-005
 pmove part2    5.0000000140215661E-008
 pmove part3    1.1492000000057345E-005
 pmove part2    4.9000000057475290E-008
 pmove part3    1.1618000000268580E-005
 pmove part2    5.1999999861607193E-008
 pmove part3    1.2111000000203376E-005
 pmove part2    5.0000000140215661E-008
 pmove part3    1.1187999999773268E-005
 pmove part2    4.9000000057475290E-008
 pmove part3    1.1648000000086256E-005
 ppush point 3    2.195609932000000     
 after ppush    2.195611100000000     
 after cpush    2.195611835000000     
 before grid1    2.195615725000000     
 after grid1    2.262247509000000     
 end accumu    2.262262790000000     
 after den0_phi    2.263544707000000     
 after field solver    2.266152159000000     
 after field    2.266153298000000     
 after rmsphi    2.266161648000000     
 with filter    2.266662694000000     
 before ppush    2.267004431000000     
 after ppush    2.267005546000000     
 after cpush 2
 after cpush 3
 after test pmove 0    2.299106828000000     
 after test pmove 1.1    2.299201821000000     
 after test pmove 1.2    2.299228833000000     
 after test pmove 1.3    2.299262730000000     
 after test pmove 1.4    2.299265593000000     
 after test pmove 2.0    2.299314696000000     
 after test pmove 2.1    2.299552197000000     
 after test pmove 3    2.299752338000000     
 pmove part2    3.4000000015410592E-007
 pmove part3    1.3547000000002640E-005
 pmove part2    1.7200000002048910E-007
 pmove part3    1.3517999999823616E-005
 pmove part2    2.9600000006624327E-007
 pmove part3    1.2357000000129403E-005
 pmove part2    1.5799999975030232E-007
 pmove part3    1.3269999999732107E-005
 pmove part2    1.4799999981107703E-007
 pmove part3    1.3430000000091979E-005
 pmove part2    9.2999999701248726E-008
 pmove part3    1.3185000000248692E-005
 pmove part2    9.8000000114950581E-008
 pmove part3    1.2642000000173681E-005
 pmove part2    7.7000000153759629E-008
 pmove part3    1.3089999999937874E-005
 pmove part2    8.9000000258465661E-008
 pmove part3    1.2887000000016968E-005
 pmove part2    8.9999999897116822E-008
 pmove part3    1.2443000000139648E-005
 pmove part2    7.6999999709670419E-008
 pmove part3    1.2904999999729938E-005
 pmove part2    8.4999999927504177E-008
 pmove part3    1.2708999999944126E-005
 pmove part2    9.2000000062597564E-008
 pmove part3    1.3120000000199639E-005
 pmove part2    9.3000000145337935E-008
 pmove part3    1.2400000000134526E-005
 pmove part2    9.4000000228078306E-008
 pmove part3    1.2578000000207368E-005
 pmove part2    9.4999999866729468E-008
 pmove part3    1.2398000000413134E-005
 pmove part2    8.6000000010244548E-008
 pmove part3    1.2494000000362604E-005
 pmove part2    6.8999999935925871E-008
 pmove part3    1.2232000000000909E-005
 pmove part2    1.0599999988869513E-007
 pmove part3    1.2250000000157968E-005
 after cpush 3
 after cpush    2.305243700000000     
 before grid1    2.305252410000000     
 after grid1    2.372279223000000     
 end accumu    2.372282053000000     
 after den0_phi    2.373616745000000     
 after field solver    2.376200130000000     
 after field    2.376201221000000     
 after rmsphi    2.376208906000000     
 with filter    2.376672128000000     
    194   0.881E-01   0.000E+00   0.000E+00   0.000E+00   0.000E+00   0.000E+00   0.000E+00   0.000E+00   0.311E-01   0.214E-01   0.377E-01
 before ppush    2.378993008000000     
 ppush 1    2.378996605000000     
 ppush point 2    2.492067297000000     
 ppush point 2.0    2.492079355000000     
 after test pmove 0    2.492134758000000     
 after test pmove 1.1    2.492229509000000     
 after test pmove 1.2    2.492256902000000     
 after test pmove 1.3    2.492292167000000     
 after test pmove 1.4    2.492295087000000     
 after test pmove 2.0    2.492344155000000     
 after test pmove 2.1    2.492581586000000     
 after test pmove 3    2.492674717000000     
 ppush point 2.1    2.492680875000000     
 pmove part2    1.1999999971479269E-007
 pmove part3    1.3559000000107346E-005
 ppush point 2.2    2.492809405000000     
 pmove part2    7.1000000101406613E-008
 pmove part3    1.2676999999960969E-005
 pmove part2    5.5999999748479468E-008
 pmove part3    1.2379000000173335E-005
 pmove part2    5.6000000192568677E-008
 pmove part3    1.2257000000293061E-005
 pmove part2    5.1999999861607193E-008
 pmove part3    1.2333000000364081E-005
 pmove part2    5.2999999944347564E-008
 pmove part3    1.1962999999948210E-005
 pmove part2    5.1000000222956032E-008
 pmove part3    1.2528000000067152E-005
 pmove part2    5.5000000109828306E-008
 pmove part3    1.2032000000328225E-005
 pmove part2    5.2999999944347564E-008
 pmove part3    1.1905999999672900E-005
 pmove part2    5.2999999944347564E-008
 pmove part3    1.2137999999772831E-005
 pmove part2    5.1000000222956032E-008
 pmove part3    1.1921000000025828E-005
 pmove part2    5.1000000222956032E-008
 pmove part3    1.1731999999931020E-005
 pmove part2    5.2999999944347564E-008
 pmove part3    1.1653999999694520E-005
 pmove part2    5.4000000027087935E-008
 pmove part3    1.2052000000206675E-005
 pmove part2    5.1000000222956032E-008
 pmove part3    1.1632999999733329E-005
 pmove part2    5.5000000109828306E-008
 pmove part3    1.2059999999980420E-005
 pmove part2    5.0999999778866822E-008
 pmove part3    1.2005999999953332E-005
 pmove part2    5.2999999944347564E-008
 pmove part3    1.1364000000124719E-005
 pmove part2    5.2999999944347564E-008
 pmove part3    1.2165999999869115E-005
 ppush point 3    2.494618253000000     
 after ppush    2.494619199000000     
 after cpush    2.494619896000000     
 before grid1    2.494623963000000     
 after grid1    2.561252381000000     
 end accumu    2.561255515000000     
 after den0_phi    2.562553799000000     
 after field solver    2.565154376000000     
 after field    2.565155530000000     
 after rmsphi    2.565163544000000     
 with filter    2.565650965000000     
 before ppush    2.566001203000000     
 after ppush    2.566002269000000     
 after cpush 2
 after cpush 3
 after test pmove 0    2.597845432000000     
 after test pmove 1.1    2.597941861000000     
 after test pmove 1.2    2.597969364000000     
 after test pmove 1.3    2.598004320000000     
 after test pmove 1.4    2.598007225000000     
 after test pmove 2.0    2.598056270000000     
 after test pmove 2.1    2.598315641000000     
 after test pmove 3    2.598539702000000     
 pmove part2    2.9699999970489444E-007
 pmove part3    1.3596999999698767E-005
 pmove part2    9.0999999979857193E-008
 pmove part3    1.3529999999928322E-005
 pmove part2    9.5999999949469839E-008
 pmove part3    1.2796000000037111E-005
 pmove part2    9.9000000197690952E-008
 pmove part3    1.2917999999917384E-005
 pmove part2    8.8000000175725290E-008
 pmove part3    1.2659000000248000E-005
 pmove part2    9.4000000228078306E-008
 pmove part3    1.2660999999969391E-005
 pmove part2    9.2999999701248726E-008
 pmove part3    1.2435000000365903E-005
 pmove part2    7.9999999957891532E-008
 pmove part3    1.2933999999908963E-005
 pmove part2    1.1799999999340116E-007
 pmove part3    1.2687999999982935E-005
 pmove part2    9.7000000032210210E-008
 pmove part3    1.2470000000153192E-005
 pmove part2    9.8000000114950581E-008
 pmove part3    1.2896000000317542E-005
 pmove part2    9.2000000062597564E-008
 pmove part3    1.2420000000012976E-005
 pmove part2    1.0000000028043132E-007
 pmove part3    1.2486999999783421E-005
 pmove part2    8.3999999844763806E-008
 pmove part3    1.2445999999943780E-005
 pmove part2    7.6999999709670419E-008
 pmove part3    1.2525999999901671E-005
 pmove part2    9.0999999979857193E-008
 pmove part3    1.2513000000158314E-005
 pmove part2    7.9999999957891532E-008
 pmove part3    1.2433999999839074E-005
 pmove part2    1.0000000028043132E-007
 pmove part3    1.2253000000406189E-005
 pmove part2    9.3999999783989097E-008
 pmove part3    1.2759999999722993E-005
 after cpush 3
 after cpush    2.603983221000000     
 before grid1    2.603991061000000     
 after grid1    2.671029274000000     
 end accumu    2.671036609000000     
 after den0_phi    2.672359573000000     
 after field solver    2.674965201000000     
 after field    2.674966446000000     
 after rmsphi    2.674974430000000     
 with filter    2.675462696000000     
    226   0.102E+00   0.000E+00   0.000E+00   0.000E+00   0.000E+00   0.000E+00   0.000E+00   0.000E+00   0.253E-01   0.162E-01   0.300E-01
 before ppush    2.677854468000000     
 ppush 1    2.677857985000000     
 ppush point 2    2.790590052000000     
 ppush point 2.0    2.790602779000000     
 after test pmove 0    2.790661349000000     
 after test pmove 1.1    2.790764764000000     
 after test pmove 1.2    2.790792094000000     
 after test pmove 1.3    2.790826850000000     
 after test pmove 1.4    2.790829880000000     
 after test pmove 2.0    2.790878959000000     
 after test pmove 2.1    2.791137654000000     
 after test pmove 3    2.791204925000000     
 ppush point 2.1    2.791210032000000     
 pmove part2    1.3199999981949873E-007
 pmove part3    1.3141000000160830E-005
 ppush point 2.2    2.791338185000000     
 pmove part2    8.3000000206112645E-008
 pmove part3    1.1452999999939095E-005
 pmove part2    6.7999999853185500E-008
 pmove part3    1.1951999999926244E-005
 pmove part2    5.4999999665739097E-008
 pmove part3    1.2142000000103792E-005
 pmove part2    5.5000000109828306E-008
 pmove part3    1.2366000000429977E-005
 pmove part2    5.5000000109828306E-008
 pmove part3    1.0944999999651372E-005
 pmove part2    5.5000000109828306E-008
 pmove part3    1.1207999999651719E-005
 pmove part2    5.4999999665739097E-008
 pmove part3    1.1423999999760071E-005
 pmove part2    5.4000000027087935E-008
 pmove part3    1.1193000000186970E-005
 pmove part2    5.4000000027087935E-008
 pmove part3    1.0914000000195045E-005
 pmove part2    5.4000000027087935E-008
 pmove part3    1.1393999999942395E-005
 pmove part2    5.4999999665739097E-008
 pmove part3    1.2117999999894380E-005
 pmove part2    5.2999999944347564E-008
 pmove part3    1.1444000000082610E-005
 pmove part2    5.2999999944347564E-008
 pmove part3    1.1334999999945694E-005
 pmove part2    5.4000000027087935E-008
 pmove part3    1.1729000000126888E-005
 pmove part2    5.2999999944347564E-008
 pmove part3    1.1499999999831090E-005
 pmove part2    8.2000000123372274E-008
 pmove part3    1.4414999999878830E-005
 pmove part2    5.2999999944347564E-008
 pmove part3    1.1567999999684275E-005
 pmove part2    5.5000000109828306E-008
 pmove part3    1.1593000000420517E-005
 ppush point 3    2.793141491000000     
 after ppush    2.793142680000000     
 after cpush    2.793143465000000     
 before grid1    2.793147683000000     
 after grid1    2.859893501000000     
 end accumu    2.859896516000000     
 after den0_phi    2.861215447000000     
 after field solver    2.863768265000000     
 after field    2.863769403000000     
 after rmsphi    2.863777432000000     
 with filter    2.864230739000000     
 before ppush    2.864588150000000     
 after ppush    2.864589322000000     
 after cpush 2
 after cpush 3
 after test pmove 0    2.896329868000000     
 after test pmove 1.1    2.896427367000000     
 after test pmove 1.2    2.896454901000000     
 after test pmove 1.3    2.896488279000000     
 after test pmove 1.4    2.896491246000000     
 after test pmove 2.0    2.896540247000000     
 after test pmove 2.1    2.896784124000000     
 after test pmove 3    2.897002264000000     
 pmove part2    3.3999999971001671E-007
 pmove part3    1.3154999999986927E-005
 pmove part2    1.1300000002378852E-007
 pmove part3    1.2917999999917384E-005
 pmove part2    8.9999999897116822E-008
 pmove part3    1.2608999999663695E-005
 pmove part2    8.3000000206112645E-008
 pmove part3    1.2744000000175504E-005
 pmove part2    8.9999999897116822E-008
 pmove part3    1.3281000000198162E-005
 pmove part2    9.3999999783989097E-008
 pmove part3    1.2680000000209191E-005
 pmove part2    9.0999999979857193E-008
 pmove part3    1.2468999999626362E-005
 pmove part2    9.4999999866729468E-008
 pmove part3    1.3275000000145809E-005
 pmove part2    9.2000000062597564E-008
 pmove part3    1.2638999999925460E-005
 pmove part2    8.3000000206112645E-008
 pmove part3    1.3159999999956540E-005
 pmove part2    8.8999999814376451E-008
 pmove part3    1.2458000000048486E-005
 pmove part2    1.0699999997143550E-007
 pmove part3    1.2284999999945256E-005
 pmove part2    1.0899999969282703E-007
 pmove part3    1.2640000000008200E-005
 pmove part2    1.0300000008456323E-007
 pmove part3    1.3076000000111776E-005
 pmove part2    1.0800000005417587E-007
 pmove part3    1.2733999999792189E-005
 pmove part2    1.2000000015888190E-007
 pmove part3    1.2515000000323795E-005
 pmove part2    9.2999999701248726E-008
 pmove part3    1.3157999999791059E-005
 pmove part2    9.0999999979857193E-008
 pmove part3    1.4134999999804165E-005
 pmove part2    1.1300000002378852E-007
 pmove part3    1.2361000000016276E-005
 after cpush 3
 after cpush    2.902409093000000     
 before grid1    2.902417136000000     
 after grid1    2.969179354000000     
 end accumu    2.969188623000000     
 after den0_phi    2.970507032000000     
 after field solver    2.973128296000000     
 after field    2.973129373000000     
 after rmsphi    2.973137784000000     
 with filter    2.973605123000000     
    258   0.114E+00   0.000E+00   0.000E+00   0.000E+00   0.000E+00   0.000E+00   0.000E+00   0.000E+00   0.812E-01  -0.246E-02   0.813E-01
 before ppush    2.975843947000000     
 ppush 1    2.975847477000000     
 ppush point 2    3.088722625000000     
 ppush point 2.0    3.088734763000000     
 after test pmove 0    3.088791891000000     
 after test pmove 1.1    3.088910291000000     
 after test pmove 1.2    3.088938392000000     
 after test pmove 1.3    3.088973182000000     
 after test pmove 1.4    3.088976147000000     
 after test pmove 2.0    3.089026725000000     
 after test pmove 2.1    3.089287399000000     
 after test pmove 3    3.089343809000000     
 ppush point 2.1    3.089348958000000     
 pmove part2    1.3399999998497947E-007
 pmove part3    1.3650999999725855E-005
 ppush point 2.2    3.089479204000000     
 pmove part2    7.9999999957891532E-008
 pmove part3    1.1896000000177764E-005
 pmove part2    6.7000000214534339E-008
 pmove part3    1.2434000000283163E-005
 pmove part2    5.4000000027087935E-008
 pmove part3    1.2796000000037111E-005
 pmove part2    5.4999999665739097E-008
 pmove part3    1.1801999999949686E-005
 pmove part2    5.4000000027087935E-008
 pmove part3    1.1769999999966529E-005
 pmove part2    5.5000000109828306E-008
 pmove part3    1.1436000000308866E-005
 pmove part2    5.4000000027087935E-008
 pmove part3    1.1879999999742097E-005
 pmove part2    6.0000000079440952E-008
 pmove part3    1.1635999999981550E-005
 pmove part2    5.8999999996700581E-008
 pmove part3    1.1632000000094678E-005
 pmove part2    5.6000000192568677E-008
 pmove part3    1.1872999999607003E-005
 pmove part2    5.5000000109828306E-008
 pmove part3    1.1378000000394906E-005
 pmove part2    5.1999999861607193E-008
 pmove part3    1.2102999999985542E-005
 pmove part2    5.5000000109828306E-008
 pmove part3    1.3229999999975206E-005
 pmove part2    5.6000000192568677E-008
 pmove part3    1.2198999999935012E-005
 pmove part2    5.6000000192568677E-008
 pmove part3    1.1934000000213274E-005
 pmove part2    5.6000000192568677E-008
 pmove part3    1.2482999999896549E-005
 pmove part2    5.5000000109828306E-008
 pmove part3    1.2243000000022874E-005
 pmove part2    5.5000000109828306E-008
 pmove part3    1.2407999999908270E-005
 ppush point 3    3.091275450000000     
 after ppush    3.091276675000000     
 after cpush    3.091277368000000     
 before grid1    3.091281517000000     
 after grid1    3.157904199000000     
 end accumu    3.157907207000000     
 after den0_phi    3.159210208000000     
 after field solver    3.161815767000000     
 after field    3.161816755000000     
 after rmsphi    3.161825810000000     
 with filter    3.162328275000000     
 before ppush    3.162689003000000     
 after ppush    3.162690019000000     
 after cpush 2
 after cpush 3
 after test pmove 0    3.194699308000000     
 after test pmove 1.1    3.194796401000000     
 after test pmove 1.2    3.194828199000000     
 after test pmove 1.3    3.194862249000000     
 after test pmove 1.4    3.194865087000000     
 after test pmove 2.0    3.194914163000000     
 after test pmove 2.1    3.195164858000000     
 after test pmove 3    3.195345262000000     
 pmove part2    2.4099999995641497E-007
 pmove part3    1.4104000000347838E-005
 pmove part2    1.7800000007284211E-007
 pmove part3    1.3456000000022783E-005
 pmove part2    7.9999999957891532E-008
 pmove part3    1.3215000000066368E-005
 pmove part2    9.4999999866729468E-008
 pmove part3    1.2480000000092417E-005
 pmove part2    1.1900000007614153E-007
 pmove part3    1.2245999999827006E-005
 pmove part2    1.7300000010322947E-007
 pmove part3    1.2476999999844196E-005
 pmove part2    1.1900000007614153E-007
 pmove part3    1.2200000000017752E-005
 pmove part2    1.1699999991066079E-007
 pmove part3    1.2282000000141124E-005
 pmove part2    9.9999999836342113E-008
 pmove part3    1.3225000000005593E-005
 pmove part2    8.8999999814376451E-008
 pmove part3    1.2400000000134526E-005
 pmove part2    8.8000000175725290E-008
 pmove part3    1.2372000000038241E-005
 pmove part2    1.0599999988869513E-007
 pmove part3    1.2674000000156838E-005
 pmove part2    1.1400000010652889E-007
 pmove part3    1.2664999999856263E-005
 pmove part2    1.1499999974518005E-007
 pmove part3    1.2373000000120982E-005
 pmove part2    1.1100000030239698E-007
 pmove part3    1.2710000000026866E-005
 pmove part2    1.0900000013691624E-007
 pmove part3    1.2918000000361474E-005
 pmove part2    9.3999999783989097E-008
 pmove part3    1.2546000000224211E-005
 pmove part2    1.0500000025004397E-007
 pmove part3    1.2442999999695559E-005
 pmove part2    1.2199999988027344E-007
 pmove part3    1.2544000000058730E-005
 after cpush 3
 after cpush    3.200761433000000     
 before grid1    3.200769725000000     
 after grid1    3.267877899000000     
 end accumu    3.267880833000000     
 after den0_phi    3.269186848000000     
 after field solver    3.271811475000000     
 after field    3.271812559000000     
 after rmsphi    3.271820867000000     
 with filter    3.272321740000000     
    291   0.123E+00   0.000E+00   0.000E+00   0.000E+00   0.000E+00   0.000E+00   0.000E+00   0.000E+00   0.163E+00   0.471E-01   0.169E+00
 before ppush    3.277397509000000     
 ppush 1    3.277404430000000     
 ppush point 2    3.390515802000000     
 ppush point 2.0    3.390530175000000     
 after test pmove 0    3.390591610000000     
 after test pmove 1.1    3.390693991000000     
 after test pmove 1.2    3.390726397000000     
 after test pmove 1.3    3.390762008000000     
 after test pmove 1.4    3.390764836000000     
 after test pmove 2.0    3.390813951000000     
 after test pmove 2.1    3.391070960000000     
 after test pmove 3    3.391133596000000     
 ppush point 2.1    3.391138887000000     
 pmove part2    1.4399999992420476E-007
 pmove part3    1.3403999999717087E-005
 ppush point 2.2    3.391268765000000     
 pmove part2    8.0000000401980742E-008
 pmove part3    1.2216000000009331E-005
 pmove part2    5.4999999665739097E-008
 pmove part3    1.1886999999877190E-005
 pmove part2    5.4000000027087935E-008
 pmove part3    1.1768999999883789E-005
 pmove part2    5.7999999913960210E-008
 pmove part3    1.2171999999921468E-005
 pmove part2    5.0999999778866822E-008
 pmove part3    1.1247000000214058E-005
 pmove part2    5.1999999861607193E-008
 pmove part3    1.1201999999599366E-005
 pmove part2    5.4000000027087935E-008
 pmove part3    1.1832000000211451E-005
 pmove part2    5.4000000027087935E-008
 pmove part3    1.1125999999972436E-005
 pmove part2    5.4000000027087935E-008
 pmove part3    1.1399999999994748E-005
 pmove part2    5.4999999665739097E-008
 pmove part3    1.2104000000068282E-005
 pmove part2    5.5000000109828306E-008
 pmove part3    1.1359000000155106E-005
 pmove part2    5.5000000109828306E-008
 pmove part3    1.1490999999974605E-005
 pmove part2    5.2999999944347564E-008
 pmove part3    1.1456999999825968E-005
 pmove part2    5.4000000027087935E-008
 pmove part3    1.1548999999888565E-005
 pmove part2    5.4000000027087935E-008
 pmove part3    1.1980000000022528E-005
 pmove part2    5.4000000027087935E-008
 pmove part3    1.1256000000070543E-005
 pmove part2    5.1999999861607193E-008
 pmove part3    1.1579999999788981E-005
 pmove part2    5.5000000109828306E-008
 pmove part3    1.1729999999765539E-005
 ppush point 3    3.393066179000000     
 after ppush    3.393067469000000     
 after cpush    3.393068210000000     
 before grid1    3.393072374000000     
 after grid1    3.460002277000000     
 end accumu    3.460005617000000     
 after den0_phi    3.461349598000000     
 after field solver    3.463924728000000     
 after field    3.463925778000000     
 after rmsphi    3.463933639000000     
 with filter    3.464396758000000     
 before ppush    3.464757534000000     
 after ppush    3.464758708000000     
 after cpush 2
 after cpush 3
 after test pmove 0    3.497060384000000     
 after test pmove 1.1    3.497157803000000     
 after test pmove 1.2    3.497184688000000     
 after test pmove 1.3    3.497218886000000     
 after test pmove 1.4    3.497221761000000     
 after test pmove 2.0    3.497270813000000     
 after test pmove 2.1    3.497505769000000     
 after test pmove 3    3.497733146000000     
 pmove part2    1.9199999989893968E-007
 pmove part3    1.4152999999961224E-005
 pmove part2    1.5800000019439153E-007
 pmove part3    1.3586000000120890E-005
 pmove part2    1.0699999997143550E-007
 pmove part3    1.2805999999976336E-005
 pmove part2    1.0999999977556740E-007
 pmove part3    1.2835999999794012E-005
 pmove part2    1.1300000002378852E-007
 pmove part3    1.2622999999933882E-005
 pmove part2    1.0400000016730360E-007
 pmove part3    1.2298999999771354E-005
 pmove part2    7.5999999626930048E-008
 pmove part3    1.2728999999822577E-005
 pmove part2    1.0200000000182285E-007
 pmove part3    1.2977999999996825E-005
 pmove part2    9.3000000145337935E-008
 pmove part3    1.2675999999878229E-005
 pmove part2    1.1599999982792042E-007
 pmove part3    1.3182000000000471E-005
 pmove part2    1.3799999987185174E-007
 pmove part3    1.2321999999898026E-005
 pmove part2    1.2700000029397529E-007
 pmove part3    1.2901000000287155E-005
 pmove part2    1.0099999991908248E-007
 pmove part3    1.2744999999814155E-005
 pmove part2    1.0100000036317169E-007
 pmove part3    1.2949999999900541E-005
 pmove part2    1.2099999979753306E-007
 pmove part3    1.2593000000116206E-005
 pmove part2    1.1199999994104815E-007
 pmove part3    1.2388999999668471E-005
 pmove part2    1.1599999982792042E-007
 pmove part3    1.3068999999532593E-005
 pmove part2    1.1699999991066079E-007
 pmove part3    1.2390999999833952E-005
 pmove part2    1.1199999994104815E-007
 pmove part3    1.2782000000211013E-005
 after cpush 3
 after cpush    3.503180780000000     
 timestep =            11
 ps time=    0.000000000000000      tot time=    3.503188448000000     
