     1    10     4 0.324E+02
     0     1     4
     0     2     4
     0     3     4
     0     4     4
 0.166E-05-0.842E-06
-0.952E-06-0.243E-05
 0.193E-05 0.106E-06
 0.112E-05-0.950E-06
 0.464E-05 0.117E-05
 0.226E-05-0.101E-05
 0.980E-06 0.268E-05
 0.606E-05 0.714E-05
 0.647E-05 0.104E-04
 0.000E+00 0.000E+00
 0.000E+00 0.000E+00
-0.127E-18-0.307E-18
 0.613E-18 0.148E-17
 0.112E-17 0.613E-18
-0.245E-17 0.245E-17
 0.173E-17 0.000E+00
-0.212E-33-0.347E-17
 0.000E+00 0.000E+00
 0.719E-18 0.245E-17
 0.000E+00 0.000E+00
-0.139E-19-0.683E-19
-0.164E-17 0.151E-17
-0.694E-18 0.944E-18
-0.129E-17 0.297E-17
 0.101E-17-0.805E-19
-0.299E-17-0.388E-17
 0.377E-18 0.130E-17
-0.373E-17-0.135E-17
-0.119E-17-0.277E-18
 0.000E+00 0.000E+00
 0.000E+00 0.867E-18
-0.867E-18 0.000E+00
 0.000E+00 0.000E+00
 0.000E+00 0.000E+00
 0.347E-17 0.347E-17
 0.000E+00 0.000E+00
 0.347E-17 0.000E+00
 0.000E+00 0.347E-17
 0.000E+00-0.347E-17
 0.000E+00 0.000E+00
 0.000E+00
 0.000E+00
 0.000E+00
 0.000E+00
 0.000E+00
 0.000E+00
 0.000E+00
 0.000E+00
 0.000E+00
 0.000E+00
 0.000E+00
 0.000E+00
 0.000E+00
 0.000E+00
 0.000E+00
 0.000E+00
 0.000E+00
 0.000E+00
 0.000E+00
 0.000E+00
 0.000E+00
 0.000E+00
 0.000E+00
 0.000E+00
 0.000E+00
 0.000E+00
 0.000E+00
 0.000E+00
 0.000E+00
 0.000E+00
 0.000E+00
 0.000E+00
 0.000E+00
 0.000E+00
 0.000E+00
 0.000E+00
 0.000E+00
 0.000E+00
 0.000E+00
 0.000E+00
 0.197E-01
 0.308E-01
 0.439E-01
 0.591E-01
 0.799E-01
 0.881E-01
 0.102E+00
 0.114E+00
 0.123E+00
 0.000E+00
